2022-08-10 10:24:56,281 :: INFO -- Watching for file changes with StatReloader
2022-08-10 10:26:28,366 :: INFO -- C:\Users\Testprog\projects\D8\NewsPortal\NewsPortal\settings.py changed, reloading.
2022-08-10 10:30:15,348 :: INFO -- Watching for file changes with StatReloader
2022-08-10 10:30:29,585 :: WARNING -- Not Found: /news/delete
2022-08-10 10:30:29,585 :: WARNING -- Not Found: /news/delete
2022-08-10 10:32:13,546 :: INFO -- Watching for file changes with StatReloader
2022-08-10 10:33:00,838 :: WARNING -- Not Found: /accounts/
2022-08-10 10:33:00,838 :: WARNING -- Not Found: /accounts/
2022-08-10 10:33:00,941 :: WARNING -- Not Found: /favicon.ico
2022-08-10 10:33:00,941 :: WARNING -- Not Found: /favicon.ico
2022-08-10 10:33:18,472 :: WARNING -- Not Found: /create
2022-08-10 10:33:18,472 :: WARNING -- Not Found: /create
2022-08-10 11:13:37,231 :: WARNING -- Not Found: /dmin
2022-08-10 11:13:37,231 :: WARNING -- Not Found: /dmin
2022-08-10 11:13:44,320 :: WARNING -- Not Found: /static/admin/css/base.css
2022-08-10 11:13:44,320 :: WARNING -- Not Found: /static/admin/css/base.css
2022-08-10 11:13:44,323 :: WARNING -- Not Found: /static/admin/js/nav_sidebar.js
2022-08-10 11:13:44,323 :: WARNING -- Not Found: /static/admin/js/nav_sidebar.js
2022-08-10 11:13:44,326 :: WARNING -- Not Found: /static/admin/css/login.css
2022-08-10 11:13:44,326 :: WARNING -- Not Found: /static/admin/css/login.css
2022-08-10 11:13:44,329 :: WARNING -- Not Found: /static/admin/css/nav_sidebar.css
2022-08-10 11:13:44,329 :: WARNING -- Not Found: /static/admin/css/nav_sidebar.css
2022-08-10 11:13:44,344 :: WARNING -- Not Found: /static/admin/css/responsive.css
2022-08-10 11:13:44,344 :: WARNING -- Not Found: /static/admin/css/responsive.css
2022-08-10 11:14:06,434 :: WARNING -- Not Found: /static/admin/css/base.css
2022-08-10 11:14:06,435 :: WARNING -- Not Found: /static/admin/css/dashboard.css
2022-08-10 11:14:06,435 :: WARNING -- Not Found: /static/admin/js/nav_sidebar.js
2022-08-10 11:14:06,434 :: WARNING -- Not Found: /static/admin/css/base.css
2022-08-10 11:14:06,435 :: WARNING -- Not Found: /static/admin/css/responsive.css
2022-08-10 11:14:06,435 :: WARNING -- Not Found: /static/admin/css/dashboard.css
2022-08-10 11:14:06,435 :: WARNING -- Not Found: /static/admin/js/nav_sidebar.js
2022-08-10 11:14:06,435 :: WARNING -- Not Found: /static/admin/css/responsive.css
2022-08-10 11:14:06,437 :: WARNING -- Not Found: /static/admin/css/nav_sidebar.css
2022-08-10 11:14:06,437 :: WARNING -- Not Found: /static/admin/css/nav_sidebar.css
2022-08-10 11:14:28,296 :: INFO -- C:\Users\Testprog\projects\D8\NewsPortal\NewsPortal\settings.py changed, reloading.
2022-08-10 11:19:03,452 :: INFO -- Watching for file changes with StatReloader
2022-08-10 11:21:14,021 :: WARNING -- Not Found: /accounts/login/news/search
2022-08-10 11:21:14,021 :: WARNING -- Not Found: /accounts/login/news/search
2022-08-10 11:24:45,923 :: WARNING -- Not Found: /favicon.ico
2022-08-10 11:24:45,923 :: WARNING -- Not Found: /favicon.ico
2022-08-10 11:26:23,362 :: WARNING -- Not Found: /favicon.ico
2022-08-10 11:26:23,362 :: WARNING -- Not Found: /favicon.ico
2022-08-10 11:30:02,457 :: WARNING -- Not Found: /search
2022-08-10 11:30:02,457 :: WARNING -- Not Found: /search
2022-08-10 12:13:57,437 :: INFO -- Watching for file changes with StatReloader
2022-08-10 12:33:51,768 :: WARNING -- Not Found: /favicon.ico
2022-08-10 12:33:51,768 :: WARNING -- Not Found: /favicon.ico
2022-08-10 12:34:06,776 :: INFO -- Watching for file changes with StatReloader
2022-08-10 12:34:30,412 :: INFO -- Watching for file changes with StatReloader
2022-08-10 14:18:50,269 :: INFO -- C:\Users\Testprog\projects\D8\NewsPortal\NewsPortal\settings.py changed, reloading.
2022-08-10 14:18:51,122 :: INFO -- Watching for file changes with StatReloader
2022-08-10 14:20:19,060 :: INFO -- C:\Users\Testprog\projects\D8\NewsPortal\NewsPortal\settings.py changed, reloading.
2022-08-10 14:20:19,752 :: INFO -- Watching for file changes with StatReloader
2022-08-10 14:22:28,486 :: INFO -- C:\Users\Testprog\projects\D8\NewsPortal\NewsPortal\urls.py changed, reloading.
2022-08-10 14:22:29,191 :: INFO -- Watching for file changes with StatReloader
2022-08-10 14:22:29,207 :: ERROR -- Hello! I'm error in your app. Enjoy:)
2022-08-10 14:22:29,207 :: ERROR -- Hello! I'm error in your app. Enjoy:)
2022-08-10 14:22:31,362 :: ERROR -- Hello! I'm error in your app. Enjoy:)
2022-08-10 14:24:14,272 :: INFO -- Watching for file changes with StatReloader
2022-08-10 14:24:14,274 :: ERROR -- Hello! I'm error in your app. Enjoy:)
2022-08-10 14:24:14,274 :: ERROR -- Hello! I'm error in your app. Enjoy:)
2022-08-10 14:24:15,848 :: ERROR -- Hello! I'm error in your app. Enjoy:)
2022-08-10 14:29:20,124 :: INFO -- C:\Users\Testprog\projects\D8\NewsPortal\NewsPortal\urls.py changed, reloading.
2022-08-10 14:29:20,840 :: INFO -- Watching for file changes with StatReloader
2022-08-10 14:30:59,568 :: INFO -- C:\Users\Testprog\projects\D8\NewsPortal\NewsPortal\settings.py changed, reloading.
2022-08-10 14:31:00,249 :: INFO -- Watching for file changes with StatReloader
2022-08-10 14:31:36,412 :: INFO -- C:\Users\Testprog\projects\D8\NewsPortal\NewsPortal\settings.py changed, reloading.
2022-08-10 14:31:37,103 :: INFO -- Watching for file changes with StatReloader
2022-08-10 15:31:18,601 :: WARNING -- Not Found: /favicon.ico
2022-08-10 15:31:18,601 :: WARNING -- Not Found: /favicon.ico
2022-08-10 15:31:32,952 :: WARNING -- Not Found: /favicon.ico
2022-08-10 15:31:32,952 :: WARNING -- Not Found: /favicon.ico
2022-08-10 15:46:27,740 :: INFO -- Watching for file changes with StatReloader
2022-08-10 16:06:10,139 :: WARNING -- Not Found: /static/css/styles.css
2022-08-10 16:06:10,139 :: WARNING -- Not Found: /static/css/styles.css
